<?xml version="1.0" encoding="UTF-8"?>
<testng-results skipped="0" failed="0" ignored="0" total="2" passed="2">
  <reporter-output>
  </reporter-output>
  <suite name="Surefire suite" duration-ms="44" started-at="2019-04-11T17:13:03Z" finished-at="2019-04-11T17:13:04Z">
    <groups>
    </groups>
    <test name="Surefire test" duration-ms="44" started-at="2019-04-11T17:13:03Z" finished-at="2019-04-11T17:13:04Z">
      <class name="testcases.BaseTest">
        <test-method status="PASS" signature="initialize()[pri:0, instance:testcases.BaseTest@3cda1055]" name="initialize" is-config="true" duration-ms="25" started-at="2019-04-11T17:13:03Z" finished-at="2019-04-11T17:13:03Z">
          <reporter-output>
          </reporter-output>
        </test-method> <!-- initialize -->
      </class> <!-- testcases.BaseTest -->
      <class name="testcases.Test1">
        <test-method status="PASS" signature="test1()[pri:0, instance:testcases.Test1@7a5d012c]" name="test1" duration-ms="1" started-at="2019-04-11T17:13:04Z" finished-at="2019-04-11T17:13:04Z">
          <reporter-output>
          </reporter-output>
        </test-method> <!-- test1 -->
      </class> <!-- testcases.Test1 -->
      <class name="testcases.Test2">
        <test-method status="PASS" signature="test2()[pri:0, instance:testcases.Test2@3fb6a447]" name="test2" duration-ms="1" started-at="2019-04-11T17:13:04Z" finished-at="2019-04-11T17:13:04Z">
          <reporter-output>
          </reporter-output>
        </test-method> <!-- test2 -->
      </class> <!-- testcases.Test2 -->
    </test> <!-- Surefire test -->
  </suite> <!-- Surefire suite -->
</testng-results>
